<?xml version="1.0" encoding="UTF-8"?>
<!-- Generated by org.testng.reporters.JUnitXMLReporter -->
<testsuite hostname="DESKTOP-P9ICOFD" name="Google Yahoo Page Test" tests="2" failures="0" timestamp="12 May 2018 15:37:19 GMT" time="58.463" errors="0">
  <testcase name="verifyGooglePageTittle" time="6.977" classname="com.google.tests.GoogleHomePageTest"/>
  <testcase name="verifyYahooPageTittle" time="30.528" classname="com.google.tests.YahooHomePageTest"/>
</testsuite> <!-- Google Yahoo Page Test -->
