<?xml version="1.0" encoding="UTF-8"?>
<testng-results skipped="1" failed="0" total="1" passed="0">
  <reporter-output>
  </reporter-output>
  <suite name="Default suite" duration-ms="312" started-at="2018-10-02T12:24:34Z" finished-at="2018-10-02T12:24:34Z">
    <groups>
      <group name="beforeBatchRegression">
        <method signature="GS_GM_TC005_GMGS001_Perform_Google_Search_And_Verify_Count_Of_Fifth_Page.searchTextAndVerifyResultTest(java.util.HashMap)[pri:0, instance:com.google.gmodule.googlesearch.gsr.GS_GM_TC005_GMGS001_Perform_Google_Search_And_Verify_Count_Of_Fifth_Page@6ab7a896]" name="searchTextAndVerifyResultTest" class="com.google.gmodule.googlesearch.gsr.GS_GM_TC005_GMGS001_Perform_Google_Search_And_Verify_Count_Of_Fifth_Page"/>
      </group> <!-- beforeBatchRegression -->
    </groups>
    <test name="Default test" duration-ms="312" started-at="2018-10-02T12:24:34Z" finished-at="2018-10-02T12:24:34Z">
      <class name="com.google.gmodule.googlesearch.gsr.GS_GM_TC005_GMGS001_Perform_Google_Search_And_Verify_Count_Of_Fifth_Page">
        <test-method status="FAIL" signature="testSetUp(org.testng.ITestContext, java.lang.String, java.lang.String, java.lang.String)[pri:0, instance:com.google.gmodule.googlesearch.gsr.GS_GM_TC005_GMGS001_Perform_Google_Search_And_Verify_Count_Of_Fifth_Page@6ab7a896]" name="testSetUp" is-config="true" duration-ms="0" started-at="2018-10-02T17:54:34Z" finished-at="2018-10-02T17:54:34Z">
          <exception class="org.testng.TestNGException">
            <message>
              <![CDATA[
Parameter 'remote' is required by @Configuration on method testSetUp but has not been marked @Optional or defined
in C:\Users\Sunil kumar\AppData\Local\Temp\testng-eclipse--1207133679\testng-customsuite.xml]]>
            </message>
            <full-stacktrace>
              <![CDATA[org.testng.TestNGException: 
Parameter 'remote' is required by @Configuration on method testSetUp but has not been marked @Optional or defined
in C:\Users\Sunil kumar\AppData\Local\Temp\testng-eclipse--1207133679\testng-customsuite.xml
	at org.testng.internal.Parameters.createParameters(Parameters.java:155)
	at org.testng.internal.Parameters.createParameters(Parameters.java:358)
	at org.testng.internal.Parameters.createConfigurationParameters(Parameters.java:86)
	at org.testng.internal.Invoker.invokeConfigurations(Invoker.java:199)
	at org.testng.internal.Invoker.invokeMethod(Invoker.java:653)
	at org.testng.internal.Invoker.invokeTestMethod(Invoker.java:901)
	at org.testng.internal.Invoker.invokeTestMethods(Invoker.java:1231)
	at org.testng.internal.TestMethodWorker.invokeTestMethods(TestMethodWorker.java:127)
	at org.testng.internal.TestMethodWorker.run(TestMethodWorker.java:111)
	at org.testng.TestRunner.privateRun(TestRunner.java:767)
	at org.testng.TestRunner.run(TestRunner.java:617)
	at org.testng.SuiteRunner.runTest(SuiteRunner.java:348)
	at org.testng.SuiteRunner.runSequentially(SuiteRunner.java:343)
	at org.testng.SuiteRunner.privateRun(SuiteRunner.java:305)
	at org.testng.SuiteRunner.run(SuiteRunner.java:254)
	at org.testng.SuiteRunnerWorker.runSuite(SuiteRunnerWorker.java:52)
	at org.testng.SuiteRunnerWorker.run(SuiteRunnerWorker.java:86)
	at org.testng.TestNG.runSuitesSequentially(TestNG.java:1224)
	at org.testng.TestNG.runSuitesLocally(TestNG.java:1149)
	at org.testng.TestNG.run(TestNG.java:1057)
	at org.testng.remote.AbstractRemoteTestNG.run(AbstractRemoteTestNG.java:114)
	at org.testng.remote.RemoteTestNG.initAndRun(RemoteTestNG.java:251)
	at org.testng.remote.RemoteTestNG.main(RemoteTestNG.java:77)
]]>
            </full-stacktrace>
          </exception> <!-- org.testng.TestNGException -->
          <reporter-output>
          </reporter-output>
        </test-method> <!-- testSetUp -->
        <test-method status="SKIP" signature="searchTextAndVerifyResultTest(java.util.HashMap)[pri:0, instance:com.google.gmodule.googlesearch.gsr.GS_GM_TC005_GMGS001_Perform_Google_Search_And_Verify_Count_Of_Fifth_Page@6ab7a896]" name="searchTextAndVerifyResultTest" duration-ms="125" started-at="2018-10-02T17:54:34Z" data-provider="perform_Google_Search_And_Verify_Result_Data" finished-at="2018-10-02T17:54:34Z">
          <params>
            <param index="0">
              <value>
                <![CDATA[{searchText=abc, sNo=1}]]>
              </value>
            </param>
          </params>
          <reporter-output>
          </reporter-output>
        </test-method> <!-- searchTextAndVerifyResultTest -->
        <test-method status="SKIP" signature="pageSetup()[pri:0, instance:com.google.gmodule.googlesearch.gsr.GS_GM_TC005_GMGS001_Perform_Google_Search_And_Verify_Count_Of_Fifth_Page@6ab7a896]" name="pageSetup" is-config="true" duration-ms="0" started-at="2018-10-02T17:54:34Z" finished-at="2018-10-02T17:54:34Z">
          <reporter-output>
          </reporter-output>
        </test-method> <!-- pageSetup -->
        <test-method status="FAIL" signature="tearDown()[pri:0, instance:com.google.gmodule.googlesearch.gsr.GS_GM_TC005_GMGS001_Perform_Google_Search_And_Verify_Count_Of_Fifth_Page@6ab7a896]" name="tearDown" is-config="true" duration-ms="0" started-at="2018-10-02T17:54:34Z" finished-at="2018-10-02T17:54:34Z">
          <exception class="java.lang.NullPointerException">
            <full-stacktrace>
              <![CDATA[java.lang.NullPointerException
	at com.google.gmodule.googlesearch.GoogleSearchBaseTest.tearDown(GoogleSearchBaseTest.java:110)
	at sun.reflect.NativeMethodAccessorImpl.invoke0(Native Method)
	at sun.reflect.NativeMethodAccessorImpl.invoke(NativeMethodAccessorImpl.java:62)
	at sun.reflect.DelegatingMethodAccessorImpl.invoke(DelegatingMethodAccessorImpl.java:43)
	at java.lang.reflect.Method.invoke(Method.java:498)
	at org.testng.internal.MethodInvocationHelper.invokeMethod(MethodInvocationHelper.java:84)
	at org.testng.internal.Invoker.invokeConfigurationMethod(Invoker.java:564)
	at org.testng.internal.Invoker.invokeConfigurations(Invoker.java:213)
	at org.testng.internal.Invoker.invokeMethod(Invoker.java:786)
	at org.testng.internal.Invoker.invokeTestMethod(Invoker.java:901)
	at org.testng.internal.Invoker.invokeTestMethods(Invoker.java:1231)
	at org.testng.internal.TestMethodWorker.invokeTestMethods(TestMethodWorker.java:127)
	at org.testng.internal.TestMethodWorker.run(TestMethodWorker.java:111)
	at org.testng.TestRunner.privateRun(TestRunner.java:767)
	at org.testng.TestRunner.run(TestRunner.java:617)
	at org.testng.SuiteRunner.runTest(SuiteRunner.java:348)
	at org.testng.SuiteRunner.runSequentially(SuiteRunner.java:343)
	at org.testng.SuiteRunner.privateRun(SuiteRunner.java:305)
	at org.testng.SuiteRunner.run(SuiteRunner.java:254)
	at org.testng.SuiteRunnerWorker.runSuite(SuiteRunnerWorker.java:52)
	at org.testng.SuiteRunnerWorker.run(SuiteRunnerWorker.java:86)
	at org.testng.TestNG.runSuitesSequentially(TestNG.java:1224)
	at org.testng.TestNG.runSuitesLocally(TestNG.java:1149)
	at org.testng.TestNG.run(TestNG.java:1057)
	at org.testng.remote.AbstractRemoteTestNG.run(AbstractRemoteTestNG.java:114)
	at org.testng.remote.RemoteTestNG.initAndRun(RemoteTestNG.java:251)
	at org.testng.remote.RemoteTestNG.main(RemoteTestNG.java:77)
]]>
            </full-stacktrace>
          </exception> <!-- java.lang.NullPointerException -->
          <reporter-output>
          </reporter-output>
        </test-method> <!-- tearDown -->
      </class> <!-- com.google.gmodule.googlesearch.gsr.GS_GM_TC005_GMGS001_Perform_Google_Search_And_Verify_Count_Of_Fifth_Page -->
    </test> <!-- Default test -->
  </suite> <!-- Default suite -->
</testng-results>
